<?xml version="1.0" encoding="UTF-8"?>
<testsuite xmlns:xsi="http://www.w3.org/2001/XMLSchema-instance" xsi:noNamespaceSchemaLocation="https://maven.apache.org/surefire/maven-surefire-plugin/xsd/surefire-test-report.xsd" version="3.0.2" name="com.devconnect.notification.service.NotificationServiceTests" time="0.156" tests="2" errors="0" skipped="0" failures="0" flakes="0">
  <properties>
[...]
</properties>
  <testcase name="notificationsAreFilteredByUser" classname="com.devconnect.notification.service.NotificationServiceTests" time="0.146">
    <system-out><![CDATA[2026-07-17T16:06:59.862+07:00  INFO 20828 --- [notification-service] [ntainer#0-0-C-1] org.apache.kafka.clients.Metadata        : [Consumer clientId=consumer-notification-service-group-1, groupId=notification-service-group] Rebootstrapping with [localhost/127.0.0.1:9092]
]]></system-out>
  </testcase>
  <testcase name="duplicateEventIdCreatesOneNotification" classname="com.devconnect.notification.service.NotificationServiceTests" time="0.004"/>
</testsuite>